Analysis & Synthesis report for urna
Fri Oct 26 16:35:25 2018
Quartus II Version 9.1 Build 350 03/24/2010 Service Pack 2 SJ Web Edition


---------------------
; Table of Contents ;
---------------------
  1. Legal Notice
  2. Analysis & Synthesis Summary
  3. Analysis & Synthesis Settings
  4. Parallel Compilation
  5. Analysis & Synthesis Source Files Read
  6. Analysis & Synthesis Resource Usage Summary
  7. Analysis & Synthesis Resource Utilization by Entity
  8. State Machine - |urna|estado_atual
  9. State Machine - |urna|LCD_CONTENT:u1|mLCD_ST
 10. State Machine - |urna|LCD_CONTENT:u1|LCD_Controller:u0|ST
 11. Registers Removed During Synthesis
 12. General Register Statistics
 13. Multiplexer Restructuring Statistics (Restructuring Performed)
 14. Parameter Settings for User Entity Instance: Top-level Entity: |urna
 15. Parameter Settings for User Entity Instance: LCD_CONTENT:u1
 16. Parameter Settings for User Entity Instance: LCD_CONTENT:u1|LCD_Controller:u0
 17. Parameter Settings for Inferred Entity Instance: lpm_divide:Div1
 18. Parameter Settings for Inferred Entity Instance: lpm_divide:Mod1
 19. Parameter Settings for Inferred Entity Instance: lpm_divide:Div0
 20. Parameter Settings for Inferred Entity Instance: lpm_divide:Mod0
 21. Parameter Settings for Inferred Entity Instance: lpm_divide:Div2
 22. Parameter Settings for Inferred Entity Instance: lpm_divide:Mod2
 23. Parameter Settings for Inferred Entity Instance: lpm_divide:Div3
 24. Parameter Settings for Inferred Entity Instance: lpm_divide:Mod3
 25. Parameter Settings for Inferred Entity Instance: lpm_divide:Div4
 26. Parameter Settings for Inferred Entity Instance: lpm_divide:Mod4
 27. Parameter Settings for Inferred Entity Instance: lpm_divide:Div5
 28. Parameter Settings for Inferred Entity Instance: lpm_divide:Mod5
 29. Analysis & Synthesis Messages
 30. Analysis & Synthesis Suppressed Messages



----------------
; Legal Notice ;
----------------
Copyright (C) 1991-2010 Altera Corporation
Your use of Altera Corporation's design tools, logic functions 
and other software and tools, and its AMPP partner logic 
functions, and any output files from any of the foregoing 
(including device programming or simulation files), and any 
associated documentation or information are expressly subject 
to the terms and conditions of the Altera Program License 
Subscription Agreement, Altera MegaCore Function License 
Agreement, or other applicable license agreement, including, 
without limitation, that your use is for the sole purpose of 
programming logic devices manufactured by Altera and sold by 
Altera or its authorized distributors.  Please refer to the 
applicable agreement for further details.



+-----------------------------------------------------------------------------------+
; Analysis & Synthesis Summary                                                      ;
+------------------------------------+----------------------------------------------+
; Analysis & Synthesis Status        ; Successful - Fri Oct 26 16:35:25 2018        ;
; Quartus II Version                 ; 9.1 Build 350 03/24/2010 SP 2 SJ Web Edition ;
; Revision Name                      ; urna                                         ;
; Top-level Entity Name              ; urna                                         ;
; Family                             ; Cyclone II                                   ;
; Total logic elements               ; 1,158                                        ;
;     Total combinational functions  ; 1,143                                        ;
;     Dedicated logic registers      ; 139                                          ;
; Total registers                    ; 139                                          ;
; Total pins                         ; 41                                           ;
; Total virtual pins                 ; 0                                            ;
; Total memory bits                  ; 0                                            ;
; Embedded Multiplier 9-bit elements ; 0                                            ;
; Total PLLs                         ; 0                                            ;
+------------------------------------+----------------------------------------------+


+----------------------------------------------------------------------------------------------------------------------+
; Analysis & Synthesis Settings                                                                                        ;
+----------------------------------------------------------------------------+--------------------+--------------------+
; Option                                                                     ; Setting            ; Default Value      ;
+----------------------------------------------------------------------------+--------------------+--------------------+
; Device                                                                     ; EP2C35F672C6       ;                    ;
; Top-level entity name                                                      ; urna               ; urna               ;
; Family name                                                                ; Cyclone II         ; Cyclone IV GX      ;
; Synchronization Register Chain Length                                      ; 2                  ; 3                  ;
; Use smart compilation                                                      ; Off                ; Off                ;
; Enable parallel Assembler and TimeQuest Timing Analyzer during compilation ; On                 ; On                 ;
; Enable compact report table                                                ; Off                ; Off                ;
; Restructure Multiplexers                                                   ; Auto               ; Auto               ;
; Create Debugging Nodes for IP Cores                                        ; Off                ; Off                ;
; Preserve fewer node names                                                  ; On                 ; On                 ;
; Disable OpenCore Plus hardware evaluation                                  ; Off                ; Off                ;
; Verilog Version                                                            ; Verilog_2001       ; Verilog_2001       ;
; VHDL Version                                                               ; VHDL_1993          ; VHDL_1993          ;
; State Machine Processing                                                   ; Auto               ; Auto               ;
; Safe State Machine                                                         ; Off                ; Off                ;
; Extract Verilog State Machines                                             ; On                 ; On                 ;
; Extract VHDL State Machines                                                ; On                 ; On                 ;
; Ignore Verilog initial constructs                                          ; Off                ; Off                ;
; Iteration limit for constant Verilog loops                                 ; 5000               ; 5000               ;
; Iteration limit for non-constant Verilog loops                             ; 250                ; 250                ;
; Add Pass-Through Logic to Inferred RAMs                                    ; On                 ; On                 ;
; Parallel Synthesis                                                         ; On                 ; On                 ;
; DSP Block Balancing                                                        ; Auto               ; Auto               ;
; NOT Gate Push-Back                                                         ; On                 ; On                 ;
; Power-Up Don't Care                                                        ; On                 ; On                 ;
; Remove Redundant Logic Cells                                               ; Off                ; Off                ;
; Remove Duplicate Registers                                                 ; On                 ; On                 ;
; Ignore CARRY Buffers                                                       ; Off                ; Off                ;
; Ignore CASCADE Buffers                                                     ; Off                ; Off                ;
; Ignore GLOBAL Buffers                                                      ; Off                ; Off                ;
; Ignore ROW GLOBAL Buffers                                                  ; Off                ; Off                ;
; Ignore LCELL Buffers                                                       ; Off                ; Off                ;
; Ignore SOFT Buffers                                                        ; On                 ; On                 ;
; Limit AHDL Integers to 32 Bits                                             ; Off                ; Off                ;
; Optimization Technique                                                     ; Balanced           ; Balanced           ;
; Carry Chain Length                                                         ; 70                 ; 70                 ;
; Auto Carry Chains                                                          ; On                 ; On                 ;
; Auto Open-Drain Pins                                                       ; On                 ; On                 ;
; Perform WYSIWYG Primitive Resynthesis                                      ; Off                ; Off                ;
; Auto ROM Replacement                                                       ; On                 ; On                 ;
; Auto RAM Replacement                                                       ; On                 ; On                 ;
; Auto Shift Register Replacement                                            ; Auto               ; Auto               ;
; Auto Clock Enable Replacement                                              ; On                 ; On                 ;
; Strict RAM Replacement                                                     ; Off                ; Off                ;
; Allow Synchronous Control Signals                                          ; On                 ; On                 ;
; Force Use of Synchronous Clear Signals                                     ; Off                ; Off                ;
; Auto RAM to Logic Cell Conversion                                          ; Off                ; Off                ;
; Auto Resource Sharing                                                      ; Off                ; Off                ;
; Allow Any RAM Size For Recognition                                         ; Off                ; Off                ;
; Allow Any ROM Size For Recognition                                         ; Off                ; Off                ;
; Allow Any Shift Register Size For Recognition                              ; Off                ; Off                ;
; Use LogicLock Constraints during Resource Balancing                        ; On                 ; On                 ;
; Ignore translate_off and synthesis_off directives                          ; Off                ; Off                ;
; Timing-Driven Synthesis                                                    ; Off                ; Off                ;
; Show Parameter Settings Tables in Synthesis Report                         ; On                 ; On                 ;
; Ignore Maximum Fan-Out Assignments                                         ; Off                ; Off                ;
; PowerPlay Power Optimization                                               ; Normal compilation ; Normal compilation ;
; HDL message level                                                          ; Level2             ; Level2             ;
; Suppress Register Optimization Related Messages                            ; Off                ; Off                ;
; Number of Removed Registers Reported in Synthesis Report                   ; 5000               ; 5000               ;
; Number of Inverted Registers Reported in Synthesis Report                  ; 100                ; 100                ;
; Clock MUX Protection                                                       ; On                 ; On                 ;
; Auto Gated Clock Conversion                                                ; Off                ; Off                ;
; Block Design Naming                                                        ; Auto               ; Auto               ;
; SDC constraint protection                                                  ; Off                ; Off                ;
; Synthesis Effort                                                           ; Auto               ; Auto               ;
; Shift Register Replacement - Allow Asynchronous Clear Signal               ; On                 ; On                 ;
; Analysis & Synthesis Message Level                                         ; Medium             ; Medium             ;
; Disable Register Merging Across Hierarchies                                ; Auto               ; Auto               ;
; Resource Aware Inference For Block RAM                                     ; On                 ; On                 ;
+----------------------------------------------------------------------------+--------------------+--------------------+


Parallel compilation was disabled, but you have multiple processors available. Enable parallel compilation to reduce compilation time.
+-------------------------------------+
; Parallel Compilation                ;
+----------------------------+--------+
; Processors                 ; Number ;
+----------------------------+--------+
; Number detected on machine ; 4      ;
; Maximum allowed            ; 1      ;
+----------------------------+--------+


+------------------------------------------------------------------------------------------------------------------------------------------------------------------------------------------------------+
; Analysis & Synthesis Source Files Read                                                                                                                                                               ;
+----------------------------------+-----------------+------------------------------+------------------------------------------------------------------------------------------------------------------+
; File Name with User-Entered Path ; Used in Netlist ; File Type                    ; File Name with Absolute Path                                                                                     ;
+----------------------------------+-----------------+------------------------------+------------------------------------------------------------------------------------------------------------------+
; urna.v                           ; yes             ; User Verilog HDL File        ; F:/urna_Eletronica-master-20181026T100822Z-001/urna_Eletronica-master/Urna_Eletronica/urna.v                     ;
; digitos.v                        ; yes             ; User Verilog HDL File        ; F:/urna_Eletronica-master-20181026T100822Z-001/urna_Eletronica-master/Urna_Eletronica/digitos.v                  ;
; LCD_Content.v                    ; yes             ; User Verilog HDL File        ; F:/urna_Eletronica-master-20181026T100822Z-001/urna_Eletronica-master/Urna_Eletronica/LCD_Content.v              ;
; LCD_Controller.v                 ; yes             ; User Verilog HDL File        ; F:/urna_Eletronica-master-20181026T100822Z-001/urna_Eletronica-master/Urna_Eletronica/LCD_Controller.v           ;
; LCD_Reset_Delay.v                ; yes             ; User Verilog HDL File        ; F:/urna_Eletronica-master-20181026T100822Z-001/urna_Eletronica-master/Urna_Eletronica/LCD_Reset_Delay.v          ;
; lpm_divide.tdf                   ; yes             ; Megafunction                 ; c:/altera/91sp2/quartus/libraries/megafunctions/lpm_divide.tdf                                                   ;
; db/lpm_divide_vcm.tdf            ; yes             ; Auto-Generated Megafunction  ; F:/urna_Eletronica-master-20181026T100822Z-001/urna_Eletronica-master/Urna_Eletronica/db/lpm_divide_vcm.tdf      ;
; db/sign_div_unsign_9kh.tdf       ; yes             ; Auto-Generated Megafunction  ; F:/urna_Eletronica-master-20181026T100822Z-001/urna_Eletronica-master/Urna_Eletronica/db/sign_div_unsign_9kh.tdf ;
; db/alt_u_div_kve.tdf             ; yes             ; Auto-Generated Megafunction  ; F:/urna_Eletronica-master-20181026T100822Z-001/urna_Eletronica-master/Urna_Eletronica/db/alt_u_div_kve.tdf       ;
; db/add_sub_lkc.tdf               ; yes             ; Auto-Generated Megafunction  ; F:/urna_Eletronica-master-20181026T100822Z-001/urna_Eletronica-master/Urna_Eletronica/db/add_sub_lkc.tdf         ;
; db/add_sub_mkc.tdf               ; yes             ; Auto-Generated Megafunction  ; F:/urna_Eletronica-master-20181026T100822Z-001/urna_Eletronica-master/Urna_Eletronica/db/add_sub_mkc.tdf         ;
; db/lpm_divide_25m.tdf            ; yes             ; Auto-Generated Megafunction  ; F:/urna_Eletronica-master-20181026T100822Z-001/urna_Eletronica-master/Urna_Eletronica/db/lpm_divide_25m.tdf      ;
+----------------------------------+-----------------+------------------------------+------------------------------------------------------------------------------------------------------------------+


+---------------------------------------------------------------------------+
; Analysis & Synthesis Resource Usage Summary                               ;
+---------------------------------------------+-----------------------------+
; Resource                                    ; Usage                       ;
+---------------------------------------------+-----------------------------+
; Estimated Total logic elements              ; 1,158                       ;
;                                             ;                             ;
; Total combinational functions               ; 1143                        ;
; Logic element usage by number of LUT inputs ;                             ;
;     -- 4 input functions                    ; 489                         ;
;     -- 3 input functions                    ; 289                         ;
;     -- <=2 input functions                  ; 365                         ;
;                                             ;                             ;
; Logic elements by mode                      ;                             ;
;     -- normal mode                          ; 888                         ;
;     -- arithmetic mode                      ; 255                         ;
;                                             ;                             ;
; Total registers                             ; 139                         ;
;     -- Dedicated logic registers            ; 139                         ;
;     -- I/O registers                        ; 0                           ;
;                                             ;                             ;
; I/O pins                                    ; 41                          ;
; Maximum fan-out node                        ; LCD_CONTENT:u1|LUT_INDEX[0] ;
; Maximum fan-out                             ; 165                         ;
; Total fan-out                               ; 3975                        ;
; Average fan-out                             ; 3.00                        ;
+---------------------------------------------+-----------------------------+


+---------------------------------------------------------------------------------------------------------------------------------------------------------------------------------------------------------------------------------------------------------------------------+
; Analysis & Synthesis Resource Utilization by Entity                                                                                                                                                                                                                       ;
+----------------------------------------+-------------------+--------------+-------------+--------------+---------+-----------+------+--------------+-------------------------------------------------------------------------------------------------------+--------------+
; Compilation Hierarchy Node             ; LC Combinationals ; LC Registers ; Memory Bits ; DSP Elements ; DSP 9x9 ; DSP 18x18 ; Pins ; Virtual Pins ; Full Hierarchy Name                                                                                   ; Library Name ;
+----------------------------------------+-------------------+--------------+-------------+--------------+---------+-----------+------+--------------+-------------------------------------------------------------------------------------------------------+--------------+
; |urna                                  ; 1143 (141)        ; 139 (50)     ; 0           ; 0            ; 0       ; 0         ; 41   ; 0            ; |urna                                                                                                 ; work         ;
;    |LCD_CONTENT:u1|                    ; 573 (554)         ; 60 (47)      ; 0           ; 0            ; 0       ; 0         ; 0    ; 0            ; |urna|LCD_CONTENT:u1                                                                                  ;              ;
;       |LCD_Controller:u0|              ; 19 (19)           ; 13 (13)      ; 0           ; 0            ; 0       ; 0         ; 0    ; 0            ; |urna|LCD_CONTENT:u1|LCD_Controller:u0                                                                ;              ;
;    |LCD_Reset_Delay:r0|                ; 28 (28)           ; 21 (21)      ; 0           ; 0            ; 0       ; 0         ; 0    ; 0            ; |urna|LCD_Reset_Delay:r0                                                                              ;              ;
;    |digitos:a1|                        ; 23 (23)           ; 8 (8)        ; 0           ; 0            ; 0       ; 0         ; 0    ; 0            ; |urna|digitos:a1                                                                                      ;              ;
;    |lpm_divide:Div0|                   ; 30 (0)            ; 0 (0)        ; 0           ; 0            ; 0       ; 0         ; 0    ; 0            ; |urna|lpm_divide:Div0                                                                                 ;              ;
;       |lpm_divide_vcm:auto_generated|  ; 30 (0)            ; 0 (0)        ; 0           ; 0            ; 0       ; 0         ; 0    ; 0            ; |urna|lpm_divide:Div0|lpm_divide_vcm:auto_generated                                                   ;              ;
;          |sign_div_unsign_9kh:divider| ; 30 (0)            ; 0 (0)        ; 0           ; 0            ; 0       ; 0         ; 0    ; 0            ; |urna|lpm_divide:Div0|lpm_divide_vcm:auto_generated|sign_div_unsign_9kh:divider                       ;              ;
;             |alt_u_div_kve:divider|    ; 30 (30)           ; 0 (0)        ; 0           ; 0            ; 0       ; 0         ; 0    ; 0            ; |urna|lpm_divide:Div0|lpm_divide_vcm:auto_generated|sign_div_unsign_9kh:divider|alt_u_div_kve:divider ;              ;
;    |lpm_divide:Div1|                   ; 30 (0)            ; 0 (0)        ; 0           ; 0            ; 0       ; 0         ; 0    ; 0            ; |urna|lpm_divide:Div1                                                                                 ;              ;
;       |lpm_divide_vcm:auto_generated|  ; 30 (0)            ; 0 (0)        ; 0           ; 0            ; 0       ; 0         ; 0    ; 0            ; |urna|lpm_divide:Div1|lpm_divide_vcm:auto_generated                                                   ;              ;
;          |sign_div_unsign_9kh:divider| ; 30 (0)            ; 0 (0)        ; 0           ; 0            ; 0       ; 0         ; 0    ; 0            ; |urna|lpm_divide:Div1|lpm_divide_vcm:auto_generated|sign_div_unsign_9kh:divider                       ;              ;
;             |alt_u_div_kve:divider|    ; 30 (30)           ; 0 (0)        ; 0           ; 0            ; 0       ; 0         ; 0    ; 0            ; |urna|lpm_divide:Div1|lpm_divide_vcm:auto_generated|sign_div_unsign_9kh:divider|alt_u_div_kve:divider ;              ;
;    |lpm_divide:Div2|                   ; 30 (0)            ; 0 (0)        ; 0           ; 0            ; 0       ; 0         ; 0    ; 0            ; |urna|lpm_divide:Div2                                                                                 ;              ;
;       |lpm_divide_vcm:auto_generated|  ; 30 (0)            ; 0 (0)        ; 0           ; 0            ; 0       ; 0         ; 0    ; 0            ; |urna|lpm_divide:Div2|lpm_divide_vcm:auto_generated                                                   ;              ;
;          |sign_div_unsign_9kh:divider| ; 30 (0)            ; 0 (0)        ; 0           ; 0            ; 0       ; 0         ; 0    ; 0            ; |urna|lpm_divide:Div2|lpm_divide_vcm:auto_generated|sign_div_unsign_9kh:divider                       ;              ;
;             |alt_u_div_kve:divider|    ; 30 (30)           ; 0 (0)        ; 0           ; 0            ; 0       ; 0         ; 0    ; 0            ; |urna|lpm_divide:Div2|lpm_divide_vcm:auto_generated|sign_div_unsign_9kh:divider|alt_u_div_kve:divider ;              ;
;    |lpm_divide:Div3|                   ; 30 (0)            ; 0 (0)        ; 0           ; 0            ; 0       ; 0         ; 0    ; 0            ; |urna|lpm_divide:Div3                                                                                 ;              ;
;       |lpm_divide_vcm:auto_generated|  ; 30 (0)            ; 0 (0)        ; 0           ; 0            ; 0       ; 0         ; 0    ; 0            ; |urna|lpm_divide:Div3|lpm_divide_vcm:auto_generated                                                   ;              ;
;          |sign_div_unsign_9kh:divider| ; 30 (0)            ; 0 (0)        ; 0           ; 0            ; 0       ; 0         ; 0    ; 0            ; |urna|lpm_divide:Div3|lpm_divide_vcm:auto_generated|sign_div_unsign_9kh:divider                       ;              ;
;             |alt_u_div_kve:divider|    ; 30 (30)           ; 0 (0)        ; 0           ; 0            ; 0       ; 0         ; 0    ; 0            ; |urna|lpm_divide:Div3|lpm_divide_vcm:auto_generated|sign_div_unsign_9kh:divider|alt_u_div_kve:divider ;              ;
;    |lpm_divide:Div4|                   ; 30 (0)            ; 0 (0)        ; 0           ; 0            ; 0       ; 0         ; 0    ; 0            ; |urna|lpm_divide:Div4                                                                                 ;              ;
;       |lpm_divide_vcm:auto_generated|  ; 30 (0)            ; 0 (0)        ; 0           ; 0            ; 0       ; 0         ; 0    ; 0            ; |urna|lpm_divide:Div4|lpm_divide_vcm:auto_generated                                                   ;              ;
;          |sign_div_unsign_9kh:divider| ; 30 (0)            ; 0 (0)        ; 0           ; 0            ; 0       ; 0         ; 0    ; 0            ; |urna|lpm_divide:Div4|lpm_divide_vcm:auto_generated|sign_div_unsign_9kh:divider                       ;              ;
;             |alt_u_div_kve:divider|    ; 30 (30)           ; 0 (0)        ; 0           ; 0            ; 0       ; 0         ; 0    ; 0            ; |urna|lpm_divide:Div4|lpm_divide_vcm:auto_generated|sign_div_unsign_9kh:divider|alt_u_div_kve:divider ;              ;
;    |lpm_divide:Div5|                   ; 30 (0)            ; 0 (0)        ; 0           ; 0            ; 0       ; 0         ; 0    ; 0            ; |urna|lpm_divide:Div5                                                                                 ;              ;
;       |lpm_divide_vcm:auto_generated|  ; 30 (0)            ; 0 (0)        ; 0           ; 0            ; 0       ; 0         ; 0    ; 0            ; |urna|lpm_divide:Div5|lpm_divide_vcm:auto_generated                                                   ;              ;
;          |sign_div_unsign_9kh:divider| ; 30 (0)            ; 0 (0)        ; 0           ; 0            ; 0       ; 0         ; 0    ; 0            ; |urna|lpm_divide:Div5|lpm_divide_vcm:auto_generated|sign_div_unsign_9kh:divider                       ;              ;
;             |alt_u_div_kve:divider|    ; 30 (30)           ; 0 (0)        ; 0           ; 0            ; 0       ; 0         ; 0    ; 0            ; |urna|lpm_divide:Div5|lpm_divide_vcm:auto_generated|sign_div_unsign_9kh:divider|alt_u_div_kve:divider ;              ;
;    |lpm_divide:Mod0|                   ; 33 (0)            ; 0 (0)        ; 0           ; 0            ; 0       ; 0         ; 0    ; 0            ; |urna|lpm_divide:Mod0                                                                                 ;              ;
;       |lpm_divide_25m:auto_generated|  ; 33 (0)            ; 0 (0)        ; 0           ; 0            ; 0       ; 0         ; 0    ; 0            ; |urna|lpm_divide:Mod0|lpm_divide_25m:auto_generated                                                   ;              ;
;          |sign_div_unsign_9kh:divider| ; 33 (0)            ; 0 (0)        ; 0           ; 0            ; 0       ; 0         ; 0    ; 0            ; |urna|lpm_divide:Mod0|lpm_divide_25m:auto_generated|sign_div_unsign_9kh:divider                       ;              ;
;             |alt_u_div_kve:divider|    ; 33 (33)           ; 0 (0)        ; 0           ; 0            ; 0       ; 0         ; 0    ; 0            ; |urna|lpm_divide:Mod0|lpm_divide_25m:auto_generated|sign_div_unsign_9kh:divider|alt_u_div_kve:divider ;              ;
;    |lpm_divide:Mod1|                   ; 33 (0)            ; 0 (0)        ; 0           ; 0            ; 0       ; 0         ; 0    ; 0            ; |urna|lpm_divide:Mod1                                                                                 ;              ;
;       |lpm_divide_25m:auto_generated|  ; 33 (0)            ; 0 (0)        ; 0           ; 0            ; 0       ; 0         ; 0    ; 0            ; |urna|lpm_divide:Mod1|lpm_divide_25m:auto_generated                                                   ;              ;
;          |sign_div_unsign_9kh:divider| ; 33 (0)            ; 0 (0)        ; 0           ; 0            ; 0       ; 0         ; 0    ; 0            ; |urna|lpm_divide:Mod1|lpm_divide_25m:auto_generated|sign_div_unsign_9kh:divider                       ;              ;
;             |alt_u_div_kve:divider|    ; 33 (33)           ; 0 (0)        ; 0           ; 0            ; 0       ; 0         ; 0    ; 0            ; |urna|lpm_divide:Mod1|lpm_divide_25m:auto_generated|sign_div_unsign_9kh:divider|alt_u_div_kve:divider ;              ;
;    |lpm_divide:Mod2|                   ; 33 (0)            ; 0 (0)        ; 0           ; 0            ; 0       ; 0         ; 0    ; 0            ; |urna|lpm_divide:Mod2                                                                                 ;              ;
;       |lpm_divide_25m:auto_generated|  ; 33 (0)            ; 0 (0)        ; 0           ; 0            ; 0       ; 0         ; 0    ; 0            ; |urna|lpm_divide:Mod2|lpm_divide_25m:auto_generated                                                   ;              ;
;          |sign_div_unsign_9kh:divider| ; 33 (0)            ; 0 (0)        ; 0           ; 0            ; 0       ; 0         ; 0    ; 0            ; |urna|lpm_divide:Mod2|lpm_divide_25m:auto_generated|sign_div_unsign_9kh:divider                       ;              ;
;             |alt_u_div_kve:divider|    ; 33 (33)           ; 0 (0)        ; 0           ; 0            ; 0       ; 0         ; 0    ; 0            ; |urna|lpm_divide:Mod2|lpm_divide_25m:auto_generated|sign_div_unsign_9kh:divider|alt_u_div_kve:divider ;              ;
;    |lpm_divide:Mod3|                   ; 33 (0)            ; 0 (0)        ; 0           ; 0            ; 0       ; 0         ; 0    ; 0            ; |urna|lpm_divide:Mod3                                                                                 ;              ;
;       |lpm_divide_25m:auto_generated|  ; 33 (0)            ; 0 (0)        ; 0           ; 0            ; 0       ; 0         ; 0    ; 0            ; |urna|lpm_divide:Mod3|lpm_divide_25m:auto_generated                                                   ;              ;
;          |sign_div_unsign_9kh:divider| ; 33 (0)            ; 0 (0)        ; 0           ; 0            ; 0       ; 0         ; 0    ; 0            ; |urna|lpm_divide:Mod3|lpm_divide_25m:auto_generated|sign_div_unsign_9kh:divider                       ;              ;
;             |alt_u_div_kve:divider|    ; 33 (33)           ; 0 (0)        ; 0           ; 0            ; 0       ; 0         ; 0    ; 0            ; |urna|lpm_divide:Mod3|lpm_divide_25m:auto_generated|sign_div_unsign_9kh:divider|alt_u_div_kve:divider ;              ;
;    |lpm_divide:Mod4|                   ; 33 (0)            ; 0 (0)        ; 0           ; 0            ; 0       ; 0         ; 0    ; 0            ; |urna|lpm_divide:Mod4                                                                                 ;              ;
;       |lpm_divide_25m:auto_generated|  ; 33 (0)            ; 0 (0)        ; 0           ; 0            ; 0       ; 0         ; 0    ; 0            ; |urna|lpm_divide:Mod4|lpm_divide_25m:auto_generated                                                   ;              ;
;          |sign_div_unsign_9kh:divider| ; 33 (0)            ; 0 (0)        ; 0           ; 0            ; 0       ; 0         ; 0    ; 0            ; |urna|lpm_divide:Mod4|lpm_divide_25m:auto_generated|sign_div_unsign_9kh:divider                       ;              ;
;             |alt_u_div_kve:divider|    ; 33 (33)           ; 0 (0)        ; 0           ; 0            ; 0       ; 0         ; 0    ; 0            ; |urna|lpm_divide:Mod4|lpm_divide_25m:auto_generated|sign_div_unsign_9kh:divider|alt_u_div_kve:divider ;              ;
;    |lpm_divide:Mod5|                   ; 33 (0)            ; 0 (0)        ; 0           ; 0            ; 0       ; 0         ; 0    ; 0            ; |urna|lpm_divide:Mod5                                                                                 ;              ;
;       |lpm_divide_25m:auto_generated|  ; 33 (0)            ; 0 (0)        ; 0           ; 0            ; 0       ; 0         ; 0    ; 0            ; |urna|lpm_divide:Mod5|lpm_divide_25m:auto_generated                                                   ;              ;
;          |sign_div_unsign_9kh:divider| ; 33 (0)            ; 0 (0)        ; 0           ; 0            ; 0       ; 0         ; 0    ; 0            ; |urna|lpm_divide:Mod5|lpm_divide_25m:auto_generated|sign_div_unsign_9kh:divider                       ;              ;
;             |alt_u_div_kve:divider|    ; 33 (33)           ; 0 (0)        ; 0           ; 0            ; 0       ; 0         ; 0    ; 0            ; |urna|lpm_divide:Mod5|lpm_divide_25m:auto_generated|sign_div_unsign_9kh:divider|alt_u_div_kve:divider ;              ;
+----------------------------------------+-------------------+--------------+-------------+--------------+---------+-----------+------+--------------+-------------------------------------------------------------------------------------------------------+--------------+
Note: For table entries with two numbers listed, the numbers in parentheses indicate the number of resources of the given type used by the specific entity alone. The numbers listed outside of parentheses indicate the total resources of the given type used by the specific entity and all of its sub-entities in the hierarchy.


Encoding Type:  One-Hot
+-------------------------------------------------------------------------------------------------------------------------------------------------------------------------------------------------------------------------+
; State Machine - |urna|estado_atual                                                                                                                                                                                      ;
+------------------------+-----------------------+-----------------------+-----------------------+-----------------------+-----------------------+-----------------------+-----------------------+------------------------+
; Name                   ; estado_atual.00000111 ; estado_atual.00000110 ; estado_atual.00000101 ; estado_atual.00000100 ; estado_atual.00000011 ; estado_atual.00000010 ; estado_atual.00000001 ; estado_atual.esperaMsg ;
+------------------------+-----------------------+-----------------------+-----------------------+-----------------------+-----------------------+-----------------------+-----------------------+------------------------+
; estado_atual.esperaMsg ; 0                     ; 0                     ; 0                     ; 0                     ; 0                     ; 0                     ; 0                     ; 0                      ;
; estado_atual.00000001  ; 0                     ; 0                     ; 0                     ; 0                     ; 0                     ; 0                     ; 1                     ; 1                      ;
; estado_atual.00000010  ; 0                     ; 0                     ; 0                     ; 0                     ; 0                     ; 1                     ; 0                     ; 1                      ;
; estado_atual.00000011  ; 0                     ; 0                     ; 0                     ; 0                     ; 1                     ; 0                     ; 0                     ; 1                      ;
; estado_atual.00000100  ; 0                     ; 0                     ; 0                     ; 1                     ; 0                     ; 0                     ; 0                     ; 1                      ;
; estado_atual.00000101  ; 0                     ; 0                     ; 1                     ; 0                     ; 0                     ; 0                     ; 0                     ; 1                      ;
; estado_atual.00000110  ; 0                     ; 1                     ; 0                     ; 0                     ; 0                     ; 0                     ; 0                     ; 1                      ;
; estado_atual.00000111  ; 1                     ; 0                     ; 0                     ; 0                     ; 0                     ; 0                     ; 0                     ; 1                      ;
+------------------------+-----------------------+-----------------------+-----------------------+-----------------------+-----------------------+-----------------------+-----------------------+------------------------+


Encoding Type:  One-Hot
+------------------------------------------------------------------------------------+
; State Machine - |urna|LCD_CONTENT:u1|mLCD_ST                                       ;
+----------------+----------------+----------------+----------------+----------------+
; Name           ; mLCD_ST.000011 ; mLCD_ST.000010 ; mLCD_ST.000001 ; mLCD_ST.000000 ;
+----------------+----------------+----------------+----------------+----------------+
; mLCD_ST.000000 ; 0              ; 0              ; 0              ; 0              ;
; mLCD_ST.000001 ; 0              ; 0              ; 1              ; 1              ;
; mLCD_ST.000010 ; 0              ; 1              ; 0              ; 1              ;
; mLCD_ST.000011 ; 1              ; 0              ; 0              ; 1              ;
+----------------+----------------+----------------+----------------+----------------+


Encoding Type:  One-Hot
+-----------------------------------------------------------+
; State Machine - |urna|LCD_CONTENT:u1|LCD_Controller:u0|ST ;
+-------+-------+-------+-------+---------------------------+
; Name  ; ST.11 ; ST.10 ; ST.01 ; ST.00                     ;
+-------+-------+-------+-------+---------------------------+
; ST.00 ; 0     ; 0     ; 0     ; 0                         ;
; ST.01 ; 0     ; 0     ; 1     ; 1                         ;
; ST.10 ; 0     ; 1     ; 0     ; 1                         ;
; ST.11 ; 1     ; 0     ; 0     ; 1                         ;
+-------+-------+-------+-------+---------------------------+


+---------------------------------------------------------------------------------+
; Registers Removed During Synthesis                                              ;
+----------------------------------------+----------------------------------------+
; Register name                          ; Reason for Removal                     ;
+----------------------------------------+----------------------------------------+
; cadVencedr1[1]                         ; Stuck at GND due to stuck port data_in ;
; cadVencedr2[3]                         ; Merged with cadVencedr1[3]             ;
; estado_atual~7                         ; Lost fanout                            ;
; estado_atual~8                         ; Lost fanout                            ;
; estado_atual~9                         ; Lost fanout                            ;
; estado_atual~10                        ; Lost fanout                            ;
; estado_atual~11                        ; Lost fanout                            ;
; estado_atual~12                        ; Lost fanout                            ;
; estado_atual~13                        ; Lost fanout                            ;
; estado_atual~14                        ; Lost fanout                            ;
; LCD_CONTENT:u1|mLCD_ST~8               ; Lost fanout                            ;
; LCD_CONTENT:u1|mLCD_ST~9               ; Lost fanout                            ;
; LCD_CONTENT:u1|mLCD_ST~10              ; Lost fanout                            ;
; LCD_CONTENT:u1|mLCD_ST~11              ; Lost fanout                            ;
; LCD_CONTENT:u1|mLCD_ST~12              ; Lost fanout                            ;
; LCD_CONTENT:u1|mLCD_ST~13              ; Lost fanout                            ;
; LCD_CONTENT:u1|LCD_Controller:u0|ST~8  ; Lost fanout                            ;
; LCD_CONTENT:u1|LCD_Controller:u0|ST~9  ; Lost fanout                            ;
; Total Number of Removed Registers = 18 ;                                        ;
+----------------------------------------+----------------------------------------+


+------------------------------------------------------+
; General Register Statistics                          ;
+----------------------------------------------+-------+
; Statistic                                    ; Value ;
+----------------------------------------------+-------+
; Total registers                              ; 139   ;
; Number of registers using Synchronous Clear  ; 18    ;
; Number of registers using Synchronous Load   ; 2     ;
; Number of registers using Asynchronous Clear ; 79    ;
; Number of registers using Asynchronous Load  ; 0     ;
; Number of registers using Clock Enable       ; 96    ;
; Number of registers using Preset             ; 0     ;
+----------------------------------------------+-------+


+------------------------------------------------------------------------------------------------------------------------------------------------------------+
; Multiplexer Restructuring Statistics (Restructuring Performed)                                                                                             ;
+--------------------+-----------+---------------+----------------------+------------------------+------------+----------------------------------------------+
; Multiplexer Inputs ; Bus Width ; Baseline Area ; Area if Restructured ; Saving if Restructured ; Registered ; Example Multiplexer Output                   ;
+--------------------+-----------+---------------+----------------------+------------------------+------------+----------------------------------------------+
; 3:1                ; 2 bits    ; 4 LEs         ; 2 LEs                ; 2 LEs                  ; Yes        ; |urna|cadVencedr2[2]                         ;
; 3:1                ; 2 bits    ; 4 LEs         ; 2 LEs                ; 2 LEs                  ; Yes        ; |urna|LCD_CONTENT:u1|LCD_Controller:u0|oDone ;
; 4:1                ; 2 bits    ; 4 LEs         ; 2 LEs                ; 2 LEs                  ; Yes        ; |urna|cadVencedr1[2]                         ;
; 7:1                ; 2 bits    ; 8 LEs         ; 6 LEs                ; 2 LEs                  ; No         ; |urna|LCD_CONTENT:u1|mLCD_ST                 ;
+--------------------+-----------+---------------+----------------------+------------------------+------------+----------------------------------------------+


+----------------------------------------------------------------------+
; Parameter Settings for User Entity Instance: Top-level Entity: |urna ;
+----------------+-------+---------------------------------------------+
; Parameter Name ; Value ; Type                                        ;
+----------------+-------+---------------------------------------------+
; esperaMsg      ; 0     ; Signed Integer                              ;
; esperaDigito   ; 1     ; Signed Integer                              ;
; confirmaDig    ; 2     ; Signed Integer                              ;
; confirmaMsg    ; 3     ; Signed Integer                              ;
; apura          ; 4     ; Signed Integer                              ;
; cadvencedor    ; 5     ; Signed Integer                              ;
; totalvotos1    ; 6     ; Signed Integer                              ;
; totalvotos2    ; 7     ; Signed Integer                              ;
; cad1           ; 10    ; Signed Integer                              ;
; cad2           ; 13    ; Signed Integer                              ;
; cad3           ; 17    ; Signed Integer                              ;
; cad4           ; 51    ; Signed Integer                              ;
+----------------+-------+---------------------------------------------+
Note: In order to hide this table in the UI and the text report file, please set the "Show Parameter Settings Tables in Synthesis Report" option in "Analysis and Synthesis Settings -> More Settings" to "Off".


+-------------------------------------------------------------+
; Parameter Settings for User Entity Instance: LCD_CONTENT:u1 ;
+----------------+-------+------------------------------------+
; Parameter Name ; Value ; Type                               ;
+----------------+-------+------------------------------------+
; LCD_INTIAL     ; 0     ; Signed Integer                     ;
; LCD_LINE1      ; 5     ; Signed Integer                     ;
; LCD_CH_LINE    ; 21    ; Signed Integer                     ;
; LCD_LINE2      ; 22    ; Signed Integer                     ;
; LUT_SIZE       ; 38    ; Signed Integer                     ;
+----------------+-------+------------------------------------+
Note: In order to hide this table in the UI and the text report file, please set the "Show Parameter Settings Tables in Synthesis Report" option in "Analysis and Synthesis Settings -> More Settings" to "Off".


+-------------------------------------------------------------------------------+
; Parameter Settings for User Entity Instance: LCD_CONTENT:u1|LCD_Controller:u0 ;
+----------------+-------+------------------------------------------------------+
; Parameter Name ; Value ; Type                                                 ;
+----------------+-------+------------------------------------------------------+
; CLK_Divide     ; 16    ; Signed Integer                                       ;
+----------------+-------+------------------------------------------------------+
Note: In order to hide this table in the UI and the text report file, please set the "Show Parameter Settings Tables in Synthesis Report" option in "Analysis and Synthesis Settings -> More Settings" to "Off".


+------------------------------------------------------------------+
; Parameter Settings for Inferred Entity Instance: lpm_divide:Div1 ;
+------------------------+----------------+------------------------+
; Parameter Name         ; Value          ; Type                   ;
+------------------------+----------------+------------------------+
; LPM_WIDTHN             ; 6              ; Untyped                ;
; LPM_WIDTHD             ; 4              ; Untyped                ;
; LPM_NREPRESENTATION    ; UNSIGNED       ; Untyped                ;
; LPM_DREPRESENTATION    ; UNSIGNED       ; Untyped                ;
; LPM_PIPELINE           ; 0              ; Untyped                ;
; LPM_REMAINDERPOSITIVE  ; TRUE           ; Untyped                ;
; MAXIMIZE_SPEED         ; 5              ; Untyped                ;
; CBXI_PARAMETER         ; lpm_divide_vcm ; Untyped                ;
; CARRY_CHAIN            ; MANUAL         ; Untyped                ;
; OPTIMIZE_FOR_SPEED     ; 5              ; Untyped                ;
; AUTO_CARRY_CHAINS      ; ON             ; AUTO_CARRY             ;
; IGNORE_CARRY_BUFFERS   ; OFF            ; IGNORE_CARRY           ;
; AUTO_CASCADE_CHAINS    ; ON             ; AUTO_CASCADE           ;
; IGNORE_CASCADE_BUFFERS ; OFF            ; IGNORE_CASCADE         ;
+------------------------+----------------+------------------------+
Note: In order to hide this table in the UI and the text report file, please set the "Show Parameter Settings Tables in Synthesis Report" option in "Analysis and Synthesis Settings -> More Settings" to "Off".


+------------------------------------------------------------------+
; Parameter Settings for Inferred Entity Instance: lpm_divide:Mod1 ;
+------------------------+----------------+------------------------+
; Parameter Name         ; Value          ; Type                   ;
+------------------------+----------------+------------------------+
; LPM_WIDTHN             ; 6              ; Untyped                ;
; LPM_WIDTHD             ; 4              ; Untyped                ;
; LPM_NREPRESENTATION    ; UNSIGNED       ; Untyped                ;
; LPM_DREPRESENTATION    ; UNSIGNED       ; Untyped                ;
; LPM_PIPELINE           ; 0              ; Untyped                ;
; LPM_REMAINDERPOSITIVE  ; TRUE           ; Untyped                ;
; MAXIMIZE_SPEED         ; 5              ; Untyped                ;
; CBXI_PARAMETER         ; lpm_divide_25m ; Untyped                ;
; CARRY_CHAIN            ; MANUAL         ; Untyped                ;
; OPTIMIZE_FOR_SPEED     ; 5              ; Untyped                ;
; AUTO_CARRY_CHAINS      ; ON             ; AUTO_CARRY             ;
; IGNORE_CARRY_BUFFERS   ; OFF            ; IGNORE_CARRY           ;
; AUTO_CASCADE_CHAINS    ; ON             ; AUTO_CASCADE           ;
; IGNORE_CASCADE_BUFFERS ; OFF            ; IGNORE_CASCADE         ;
+------------------------+----------------+------------------------+
Note: In order to hide this table in the UI and the text report file, please set the "Show Parameter Settings Tables in Synthesis Report" option in "Analysis and Synthesis Settings -> More Settings" to "Off".


+------------------------------------------------------------------+
; Parameter Settings for Inferred Entity Instance: lpm_divide:Div0 ;
+------------------------+----------------+------------------------+
; Parameter Name         ; Value          ; Type                   ;
+------------------------+----------------+------------------------+
; LPM_WIDTHN             ; 6              ; Untyped                ;
; LPM_WIDTHD             ; 4              ; Untyped                ;
; LPM_NREPRESENTATION    ; UNSIGNED       ; Untyped                ;
; LPM_DREPRESENTATION    ; UNSIGNED       ; Untyped                ;
; LPM_PIPELINE           ; 0              ; Untyped                ;
; LPM_REMAINDERPOSITIVE  ; TRUE           ; Untyped                ;
; MAXIMIZE_SPEED         ; 5              ; Untyped                ;
; CBXI_PARAMETER         ; lpm_divide_vcm ; Untyped                ;
; CARRY_CHAIN            ; MANUAL         ; Untyped                ;
; OPTIMIZE_FOR_SPEED     ; 5              ; Untyped                ;
; AUTO_CARRY_CHAINS      ; ON             ; AUTO_CARRY             ;
; IGNORE_CARRY_BUFFERS   ; OFF            ; IGNORE_CARRY           ;
; AUTO_CASCADE_CHAINS    ; ON             ; AUTO_CASCADE           ;
; IGNORE_CASCADE_BUFFERS ; OFF            ; IGNORE_CASCADE         ;
+------------------------+----------------+------------------------+
Note: In order to hide this table in the UI and the text report file, please set the "Show Parameter Settings Tables in Synthesis Report" option in "Analysis and Synthesis Settings -> More Settings" to "Off".


+------------------------------------------------------------------+
; Parameter Settings for Inferred Entity Instance: lpm_divide:Mod0 ;
+------------------------+----------------+------------------------+
; Parameter Name         ; Value          ; Type                   ;
+------------------------+----------------+------------------------+
; LPM_WIDTHN             ; 6              ; Untyped                ;
; LPM_WIDTHD             ; 4              ; Untyped                ;
; LPM_NREPRESENTATION    ; UNSIGNED       ; Untyped                ;
; LPM_DREPRESENTATION    ; UNSIGNED       ; Untyped                ;
; LPM_PIPELINE           ; 0              ; Untyped                ;
; LPM_REMAINDERPOSITIVE  ; TRUE           ; Untyped                ;
; MAXIMIZE_SPEED         ; 5              ; Untyped                ;
; CBXI_PARAMETER         ; lpm_divide_25m ; Untyped                ;
; CARRY_CHAIN            ; MANUAL         ; Untyped                ;
; OPTIMIZE_FOR_SPEED     ; 5              ; Untyped                ;
; AUTO_CARRY_CHAINS      ; ON             ; AUTO_CARRY             ;
; IGNORE_CARRY_BUFFERS   ; OFF            ; IGNORE_CARRY           ;
; AUTO_CASCADE_CHAINS    ; ON             ; AUTO_CASCADE           ;
; IGNORE_CASCADE_BUFFERS ; OFF            ; IGNORE_CASCADE         ;
+------------------------+----------------+------------------------+
Note: In order to hide this table in the UI and the text report file, please set the "Show Parameter Settings Tables in Synthesis Report" option in "Analysis and Synthesis Settings -> More Settings" to "Off".


+------------------------------------------------------------------+
; Parameter Settings for Inferred Entity Instance: lpm_divide:Div2 ;
+------------------------+----------------+------------------------+
; Parameter Name         ; Value          ; Type                   ;
+------------------------+----------------+------------------------+
; LPM_WIDTHN             ; 6              ; Untyped                ;
; LPM_WIDTHD             ; 4              ; Untyped                ;
; LPM_NREPRESENTATION    ; UNSIGNED       ; Untyped                ;
; LPM_DREPRESENTATION    ; UNSIGNED       ; Untyped                ;
; LPM_PIPELINE           ; 0              ; Untyped                ;
; LPM_REMAINDERPOSITIVE  ; TRUE           ; Untyped                ;
; MAXIMIZE_SPEED         ; 5              ; Untyped                ;
; CBXI_PARAMETER         ; lpm_divide_vcm ; Untyped                ;
; CARRY_CHAIN            ; MANUAL         ; Untyped                ;
; OPTIMIZE_FOR_SPEED     ; 5              ; Untyped                ;
; AUTO_CARRY_CHAINS      ; ON             ; AUTO_CARRY             ;
; IGNORE_CARRY_BUFFERS   ; OFF            ; IGNORE_CARRY           ;
; AUTO_CASCADE_CHAINS    ; ON             ; AUTO_CASCADE           ;
; IGNORE_CASCADE_BUFFERS ; OFF            ; IGNORE_CASCADE         ;
+------------------------+----------------+------------------------+
Note: In order to hide this table in the UI and the text report file, please set the "Show Parameter Settings Tables in Synthesis Report" option in "Analysis and Synthesis Settings -> More Settings" to "Off".


+------------------------------------------------------------------+
; Parameter Settings for Inferred Entity Instance: lpm_divide:Mod2 ;
+------------------------+----------------+------------------------+
; Parameter Name         ; Value          ; Type                   ;
+------------------------+----------------+------------------------+
; LPM_WIDTHN             ; 6              ; Untyped                ;
; LPM_WIDTHD             ; 4              ; Untyped                ;
; LPM_NREPRESENTATION    ; UNSIGNED       ; Untyped                ;
; LPM_DREPRESENTATION    ; UNSIGNED       ; Untyped                ;
; LPM_PIPELINE           ; 0              ; Untyped                ;
; LPM_REMAINDERPOSITIVE  ; TRUE           ; Untyped                ;
; MAXIMIZE_SPEED         ; 5              ; Untyped                ;
; CBXI_PARAMETER         ; lpm_divide_25m ; Untyped                ;
; CARRY_CHAIN            ; MANUAL         ; Untyped                ;
; OPTIMIZE_FOR_SPEED     ; 5              ; Untyped                ;
; AUTO_CARRY_CHAINS      ; ON             ; AUTO_CARRY             ;
; IGNORE_CARRY_BUFFERS   ; OFF            ; IGNORE_CARRY           ;
; AUTO_CASCADE_CHAINS    ; ON             ; AUTO_CASCADE           ;
; IGNORE_CASCADE_BUFFERS ; OFF            ; IGNORE_CASCADE         ;
+------------------------+----------------+------------------------+
Note: In order to hide this table in the UI and the text report file, please set the "Show Parameter Settings Tables in Synthesis Report" option in "Analysis and Synthesis Settings -> More Settings" to "Off".


+------------------------------------------------------------------+
; Parameter Settings for Inferred Entity Instance: lpm_divide:Div3 ;
+------------------------+----------------+------------------------+
; Parameter Name         ; Value          ; Type                   ;
+------------------------+----------------+------------------------+
; LPM_WIDTHN             ; 6              ; Untyped                ;
; LPM_WIDTHD             ; 4              ; Untyped                ;
; LPM_NREPRESENTATION    ; UNSIGNED       ; Untyped                ;
; LPM_DREPRESENTATION    ; UNSIGNED       ; Untyped                ;
; LPM_PIPELINE           ; 0              ; Untyped                ;
; LPM_REMAINDERPOSITIVE  ; TRUE           ; Untyped                ;
; MAXIMIZE_SPEED         ; 5              ; Untyped                ;
; CBXI_PARAMETER         ; lpm_divide_vcm ; Untyped                ;
; CARRY_CHAIN            ; MANUAL         ; Untyped                ;
; OPTIMIZE_FOR_SPEED     ; 5              ; Untyped                ;
; AUTO_CARRY_CHAINS      ; ON             ; AUTO_CARRY             ;
; IGNORE_CARRY_BUFFERS   ; OFF            ; IGNORE_CARRY           ;
; AUTO_CASCADE_CHAINS    ; ON             ; AUTO_CASCADE           ;
; IGNORE_CASCADE_BUFFERS ; OFF            ; IGNORE_CASCADE         ;
+------------------------+----------------+------------------------+
Note: In order to hide this table in the UI and the text report file, please set the "Show Parameter Settings Tables in Synthesis Report" option in "Analysis and Synthesis Settings -> More Settings" to "Off".


+------------------------------------------------------------------+
; Parameter Settings for Inferred Entity Instance: lpm_divide:Mod3 ;
+------------------------+----------------+------------------------+
; Parameter Name         ; Value          ; Type                   ;
+------------------------+----------------+------------------------+
; LPM_WIDTHN             ; 6              ; Untyped                ;
; LPM_WIDTHD             ; 4              ; Untyped                ;
; LPM_NREPRESENTATION    ; UNSIGNED       ; Untyped                ;
; LPM_DREPRESENTATION    ; UNSIGNED       ; Untyped                ;
; LPM_PIPELINE           ; 0              ; Untyped                ;
; LPM_REMAINDERPOSITIVE  ; TRUE           ; Untyped                ;
; MAXIMIZE_SPEED         ; 5              ; Untyped                ;
; CBXI_PARAMETER         ; lpm_divide_25m ; Untyped                ;
; CARRY_CHAIN            ; MANUAL         ; Untyped                ;
; OPTIMIZE_FOR_SPEED     ; 5              ; Untyped                ;
; AUTO_CARRY_CHAINS      ; ON             ; AUTO_CARRY             ;
; IGNORE_CARRY_BUFFERS   ; OFF            ; IGNORE_CARRY           ;
; AUTO_CASCADE_CHAINS    ; ON             ; AUTO_CASCADE           ;
; IGNORE_CASCADE_BUFFERS ; OFF            ; IGNORE_CASCADE         ;
+------------------------+----------------+------------------------+
Note: In order to hide this table in the UI and the text report file, please set the "Show Parameter Settings Tables in Synthesis Report" option in "Analysis and Synthesis Settings -> More Settings" to "Off".


+------------------------------------------------------------------+
; Parameter Settings for Inferred Entity Instance: lpm_divide:Div4 ;
+------------------------+----------------+------------------------+
; Parameter Name         ; Value          ; Type                   ;
+------------------------+----------------+------------------------+
; LPM_WIDTHN             ; 6              ; Untyped                ;
; LPM_WIDTHD             ; 4              ; Untyped                ;
; LPM_NREPRESENTATION    ; UNSIGNED       ; Untyped                ;
; LPM_DREPRESENTATION    ; UNSIGNED       ; Untyped                ;
; LPM_PIPELINE           ; 0              ; Untyped                ;
; LPM_REMAINDERPOSITIVE  ; TRUE           ; Untyped                ;
; MAXIMIZE_SPEED         ; 5              ; Untyped                ;
; CBXI_PARAMETER         ; lpm_divide_vcm ; Untyped                ;
; CARRY_CHAIN            ; MANUAL         ; Untyped                ;
; OPTIMIZE_FOR_SPEED     ; 5              ; Untyped                ;
; AUTO_CARRY_CHAINS      ; ON             ; AUTO_CARRY             ;
; IGNORE_CARRY_BUFFERS   ; OFF            ; IGNORE_CARRY           ;
; AUTO_CASCADE_CHAINS    ; ON             ; AUTO_CASCADE           ;
; IGNORE_CASCADE_BUFFERS ; OFF            ; IGNORE_CASCADE         ;
+------------------------+----------------+------------------------+
Note: In order to hide this table in the UI and the text report file, please set the "Show Parameter Settings Tables in Synthesis Report" option in "Analysis and Synthesis Settings -> More Settings" to "Off".


+------------------------------------------------------------------+
; Parameter Settings for Inferred Entity Instance: lpm_divide:Mod4 ;
+------------------------+----------------+------------------------+
; Parameter Name         ; Value          ; Type                   ;
+------------------------+----------------+------------------------+
; LPM_WIDTHN             ; 6              ; Untyped                ;
; LPM_WIDTHD             ; 4              ; Untyped                ;
; LPM_NREPRESENTATION    ; UNSIGNED       ; Untyped                ;
; LPM_DREPRESENTATION    ; UNSIGNED       ; Untyped                ;
; LPM_PIPELINE           ; 0              ; Untyped                ;
; LPM_REMAINDERPOSITIVE  ; TRUE           ; Untyped                ;
; MAXIMIZE_SPEED         ; 5              ; Untyped                ;
; CBXI_PARAMETER         ; lpm_divide_25m ; Untyped                ;
; CARRY_CHAIN            ; MANUAL         ; Untyped                ;
; OPTIMIZE_FOR_SPEED     ; 5              ; Untyped                ;
; AUTO_CARRY_CHAINS      ; ON             ; AUTO_CARRY             ;
; IGNORE_CARRY_BUFFERS   ; OFF            ; IGNORE_CARRY           ;
; AUTO_CASCADE_CHAINS    ; ON             ; AUTO_CASCADE           ;
; IGNORE_CASCADE_BUFFERS ; OFF            ; IGNORE_CASCADE         ;
+------------------------+----------------+------------------------+
Note: In order to hide this table in the UI and the text report file, please set the "Show Parameter Settings Tables in Synthesis Report" option in "Analysis and Synthesis Settings -> More Settings" to "Off".


+------------------------------------------------------------------+
; Parameter Settings for Inferred Entity Instance: lpm_divide:Div5 ;
+------------------------+----------------+------------------------+
; Parameter Name         ; Value          ; Type                   ;
+------------------------+----------------+------------------------+
; LPM_WIDTHN             ; 6              ; Untyped                ;
; LPM_WIDTHD             ; 4              ; Untyped                ;
; LPM_NREPRESENTATION    ; UNSIGNED       ; Untyped                ;
; LPM_DREPRESENTATION    ; UNSIGNED       ; Untyped                ;
; LPM_PIPELINE           ; 0              ; Untyped                ;
; LPM_REMAINDERPOSITIVE  ; TRUE           ; Untyped                ;
; MAXIMIZE_SPEED         ; 5              ; Untyped                ;
; CBXI_PARAMETER         ; lpm_divide_vcm ; Untyped                ;
; CARRY_CHAIN            ; MANUAL         ; Untyped                ;
; OPTIMIZE_FOR_SPEED     ; 5              ; Untyped                ;
; AUTO_CARRY_CHAINS      ; ON             ; AUTO_CARRY             ;
; IGNORE_CARRY_BUFFERS   ; OFF            ; IGNORE_CARRY           ;
; AUTO_CASCADE_CHAINS    ; ON             ; AUTO_CASCADE           ;
; IGNORE_CASCADE_BUFFERS ; OFF            ; IGNORE_CASCADE         ;
+------------------------+----------------+------------------------+
Note: In order to hide this table in the UI and the text report file, please set the "Show Parameter Settings Tables in Synthesis Report" option in "Analysis and Synthesis Settings -> More Settings" to "Off".


+------------------------------------------------------------------+
; Parameter Settings for Inferred Entity Instance: lpm_divide:Mod5 ;
+------------------------+----------------+------------------------+
; Parameter Name         ; Value          ; Type                   ;
+------------------------+----------------+------------------------+
; LPM_WIDTHN             ; 6              ; Untyped                ;
; LPM_WIDTHD             ; 4              ; Untyped                ;
; LPM_NREPRESENTATION    ; UNSIGNED       ; Untyped                ;
; LPM_DREPRESENTATION    ; UNSIGNED       ; Untyped                ;
; LPM_PIPELINE           ; 0              ; Untyped                ;
; LPM_REMAINDERPOSITIVE  ; TRUE           ; Untyped                ;
; MAXIMIZE_SPEED         ; 5              ; Untyped                ;
; CBXI_PARAMETER         ; lpm_divide_25m ; Untyped                ;
; CARRY_CHAIN            ; MANUAL         ; Untyped                ;
; OPTIMIZE_FOR_SPEED     ; 5              ; Untyped                ;
; AUTO_CARRY_CHAINS      ; ON             ; AUTO_CARRY             ;
; IGNORE_CARRY_BUFFERS   ; OFF            ; IGNORE_CARRY           ;
; AUTO_CASCADE_CHAINS    ; ON             ; AUTO_CASCADE           ;
; IGNORE_CASCADE_BUFFERS ; OFF            ; IGNORE_CASCADE         ;
+------------------------+----------------+------------------------+
Note: In order to hide this table in the UI and the text report file, please set the "Show Parameter Settings Tables in Synthesis Report" option in "Analysis and Synthesis Settings -> More Settings" to "Off".


+-------------------------------+
; Analysis & Synthesis Messages ;
+-------------------------------+
Info: *******************************************************************
Info: Running Quartus II Analysis & Synthesis
    Info: Version 9.1 Build 350 03/24/2010 Service Pack 2 SJ Web Edition
    Info: Processing started: Fri Oct 26 16:35:17 2018
Info: Command: quartus_map --read_settings_files=on --write_settings_files=off urna -c urna
Info: Found 1 design units, including 1 entities, in source file urna.v
    Info: Found entity 1: urna
Info: Found 1 design units, including 1 entities, in source file digitos.v
    Info: Found entity 1: digitos
Info: Found 1 design units, including 1 entities, in source file lcd_content.v
    Info: Found entity 1: LCD_CONTENT
Info: Found 1 design units, including 1 entities, in source file lcd_controller.v
    Info: Found entity 1: LCD_Controller
Info: Found 1 design units, including 1 entities, in source file lcd_reset_delay.v
    Info: Found entity 1: LCD_Reset_Delay
Info: Elaborating entity "urna" for the top level hierarchy
Warning (10036): Verilog HDL or VHDL warning at urna.v(8): object "teste" assigned a value but never read
Warning (10036): Verilog HDL or VHDL warning at urna.v(31): object "estado" assigned a value but never read
Warning (10230): Verilog HDL assignment warning at urna.v(98): truncated value with size 32 to match size of target (4)
Warning (10230): Verilog HDL assignment warning at urna.v(99): truncated value with size 32 to match size of target (4)
Warning (10230): Verilog HDL assignment warning at urna.v(100): truncated value with size 32 to match size of target (4)
Warning (10230): Verilog HDL assignment warning at urna.v(101): truncated value with size 32 to match size of target (4)
Warning (10230): Verilog HDL assignment warning at urna.v(102): truncated value with size 32 to match size of target (4)
Warning (10230): Verilog HDL assignment warning at urna.v(103): truncated value with size 32 to match size of target (4)
Warning (10230): Verilog HDL assignment warning at urna.v(104): truncated value with size 32 to match size of target (4)
Warning (10230): Verilog HDL assignment warning at urna.v(105): truncated value with size 32 to match size of target (4)
Warning (10230): Verilog HDL assignment warning at urna.v(106): truncated value with size 32 to match size of target (4)
Warning (10230): Verilog HDL assignment warning at urna.v(107): truncated value with size 32 to match size of target (4)
Warning (10230): Verilog HDL assignment warning at urna.v(108): truncated value with size 32 to match size of target (4)
Warning (10230): Verilog HDL assignment warning at urna.v(109): truncated value with size 32 to match size of target (4)
Warning (10230): Verilog HDL assignment warning at urna.v(146): truncated value with size 32 to match size of target (6)
Warning (10230): Verilog HDL assignment warning at urna.v(148): truncated value with size 32 to match size of target (6)
Warning (10230): Verilog HDL assignment warning at urna.v(150): truncated value with size 32 to match size of target (6)
Warning (10230): Verilog HDL assignment warning at urna.v(152): truncated value with size 32 to match size of target (6)
Warning (10230): Verilog HDL assignment warning at urna.v(154): truncated value with size 32 to match size of target (6)
Warning (10230): Verilog HDL assignment warning at urna.v(155): truncated value with size 32 to match size of target (6)
Info: Elaborating entity "LCD_Reset_Delay" for hierarchy "LCD_Reset_Delay:r0"
Info: Elaborating entity "LCD_CONTENT" for hierarchy "LCD_CONTENT:u1"
Warning (10230): Verilog HDL assignment warning at LCD_Content.v(65): truncated value with size 32 to match size of target (18)
Warning (10230): Verilog HDL assignment warning at LCD_Content.v(73): truncated value with size 32 to match size of target (6)
Warning (10272): Verilog HDL Case Statement warning at LCD_Content.v(450): case item expression covers a value already covered by a previous case item
Info: Elaborating entity "LCD_Controller" for hierarchy "LCD_CONTENT:u1|LCD_Controller:u0"
Info: Elaborating entity "digitos" for hierarchy "digitos:a1"
Warning (10230): Verilog HDL assignment warning at digitos.v(37): truncated value with size 32 to match size of target (4)
Warning (10230): Verilog HDL assignment warning at digitos.v(43): truncated value with size 32 to match size of target (4)
Info: Inferred 12 megafunctions from design logic
    Info: Inferred divider/modulo megafunction ("lpm_divide") from the following logic: "Div1"
    Info: Inferred divider/modulo megafunction ("lpm_divide") from the following logic: "Mod1"
    Info: Inferred divider/modulo megafunction ("lpm_divide") from the following logic: "Div0"
    Info: Inferred divider/modulo megafunction ("lpm_divide") from the following logic: "Mod0"
    Info: Inferred divider/modulo megafunction ("lpm_divide") from the following logic: "Div2"
    Info: Inferred divider/modulo megafunction ("lpm_divide") from the following logic: "Mod2"
    Info: Inferred divider/modulo megafunction ("lpm_divide") from the following logic: "Div3"
    Info: Inferred divider/modulo megafunction ("lpm_divide") from the following logic: "Mod3"
    Info: Inferred divider/modulo megafunction ("lpm_divide") from the following logic: "Div4"
    Info: Inferred divider/modulo megafunction ("lpm_divide") from the following logic: "Mod4"
    Info: Inferred divider/modulo megafunction ("lpm_divide") from the following logic: "Div5"
    Info: Inferred divider/modulo megafunction ("lpm_divide") from the following logic: "Mod5"
Info: Elaborated megafunction instantiation "lpm_divide:Div1"
Info: Instantiated megafunction "lpm_divide:Div1" with the following parameter:
    Info: Parameter "LPM_WIDTHN" = "6"
    Info: Parameter "LPM_WIDTHD" = "4"
    Info: Parameter "LPM_NREPRESENTATION" = "UNSIGNED"
    Info: Parameter "LPM_DREPRESENTATION" = "UNSIGNED"
Info: Found 1 design units, including 1 entities, in source file db/lpm_divide_vcm.tdf
    Info: Found entity 1: lpm_divide_vcm
Info: Found 1 design units, including 1 entities, in source file db/sign_div_unsign_9kh.tdf
    Info: Found entity 1: sign_div_unsign_9kh
Info: Found 1 design units, including 1 entities, in source file db/alt_u_div_kve.tdf
    Info: Found entity 1: alt_u_div_kve
Info: Found 1 design units, including 1 entities, in source file db/add_sub_lkc.tdf
    Info: Found entity 1: add_sub_lkc
Info: Found 1 design units, including 1 entities, in source file db/add_sub_mkc.tdf
    Info: Found entity 1: add_sub_mkc
Info: Elaborated megafunction instantiation "lpm_divide:Mod1"
Info: Instantiated megafunction "lpm_divide:Mod1" with the following parameter:
    Info: Parameter "LPM_WIDTHN" = "6"
    Info: Parameter "LPM_WIDTHD" = "4"
    Info: Parameter "LPM_NREPRESENTATION" = "UNSIGNED"
    Info: Parameter "LPM_DREPRESENTATION" = "UNSIGNED"
Info: Found 1 design units, including 1 entities, in source file db/lpm_divide_25m.tdf
    Info: Found entity 1: lpm_divide_25m
Warning: The following nodes have both tri-state and non-tri-state drivers
    Warning: Inserted always-enabled tri-state buffer between "LCD_DATA[0]" and its non-tri-state driver.
    Warning: Inserted always-enabled tri-state buffer between "LCD_DATA[1]" and its non-tri-state driver.
    Warning: Inserted always-enabled tri-state buffer between "LCD_DATA[2]" and its non-tri-state driver.
    Warning: Inserted always-enabled tri-state buffer between "LCD_DATA[3]" and its non-tri-state driver.
    Warning: Inserted always-enabled tri-state buffer between "LCD_DATA[4]" and its non-tri-state driver.
    Warning: Inserted always-enabled tri-state buffer between "LCD_DATA[5]" and its non-tri-state driver.
    Warning: Inserted always-enabled tri-state buffer between "LCD_DATA[6]" and its non-tri-state driver.
    Warning: Inserted always-enabled tri-state buffer between "LCD_DATA[7]" and its non-tri-state driver.
Warning: TRI or OPNDRN buffers permanently enabled
    Warning: Node "LCD_DATA[0]~synth"
    Warning: Node "LCD_DATA[1]~synth"
    Warning: Node "LCD_DATA[2]~synth"
    Warning: Node "LCD_DATA[3]~synth"
    Warning: Node "LCD_DATA[4]~synth"
    Warning: Node "LCD_DATA[5]~synth"
    Warning: Node "LCD_DATA[6]~synth"
    Warning: Node "LCD_DATA[7]~synth"
Warning: Output pins are stuck at VCC or GND
    Warning (13410): Pin "LCD_ON" is stuck at VCC
    Warning (13410): Pin "LCD_BLON" is stuck at VCC
    Warning (13410): Pin "LCD_RW" is stuck at GND
Info: 16 registers lost all their fanouts during netlist optimizations. The first 16 are displayed below.
    Info: Register "estado_atual~7" lost all its fanouts during netlist optimizations.
    Info: Register "estado_atual~8" lost all its fanouts during netlist optimizations.
    Info: Register "estado_atual~9" lost all its fanouts during netlist optimizations.
    Info: Register "estado_atual~10" lost all its fanouts during netlist optimizations.
    Info: Register "estado_atual~11" lost all its fanouts during netlist optimizations.
    Info: Register "estado_atual~12" lost all its fanouts during netlist optimizations.
    Info: Register "estado_atual~13" lost all its fanouts during netlist optimizations.
    Info: Register "estado_atual~14" lost all its fanouts during netlist optimizations.
    Info: Register "LCD_CONTENT:u1|mLCD_ST~8" lost all its fanouts during netlist optimizations.
    Info: Register "LCD_CONTENT:u1|mLCD_ST~9" lost all its fanouts during netlist optimizations.
    Info: Register "LCD_CONTENT:u1|mLCD_ST~10" lost all its fanouts during netlist optimizations.
    Info: Register "LCD_CONTENT:u1|mLCD_ST~11" lost all its fanouts during netlist optimizations.
    Info: Register "LCD_CONTENT:u1|mLCD_ST~12" lost all its fanouts during netlist optimizations.
    Info: Register "LCD_CONTENT:u1|mLCD_ST~13" lost all its fanouts during netlist optimizations.
    Info: Register "LCD_CONTENT:u1|LCD_Controller:u0|ST~8" lost all its fanouts during netlist optimizations.
    Info: Register "LCD_CONTENT:u1|LCD_Controller:u0|ST~9" lost all its fanouts during netlist optimizations.
Info: Generated suppressed messages file F:/urna_Eletronica-master-20181026T100822Z-001/urna_Eletronica-master/Urna_Eletronica/output_files/urna.map.smsg
Info: Implemented 1200 device resources after synthesis - the final resource count might be different
    Info: Implemented 6 input pins
    Info: Implemented 27 output pins
    Info: Implemented 8 bidirectional pins
    Info: Implemented 1159 logic cells
Info: Quartus II Analysis & Synthesis was successful. 0 errors, 47 warnings
    Info: Peak virtual memory: 216 megabytes
    Info: Processing ended: Fri Oct 26 16:35:25 2018
    Info: Elapsed time: 00:00:08
    Info: Total CPU time (on all processors): 00:00:07


+------------------------------------------+
; Analysis & Synthesis Suppressed Messages ;
+------------------------------------------+
The suppressed messages can be found in F:/urna_Eletronica-master-20181026T100822Z-001/urna_Eletronica-master/Urna_Eletronica/output_files/urna.map.smsg.


