Flow report for urna
Fri Oct 26 16:35:43 2018
Quartus II Version 9.1 Build 350 03/24/2010 Service Pack 2 SJ Web Edition


---------------------
; Table of Contents ;
---------------------
  1. Legal Notice
  2. Flow Summary
  3. Flow Settings
  4. Flow Non-Default Global Settings
  5. Flow Elapsed Time
  6. Flow OS Summary
  7. Flow Log



----------------
; Legal Notice ;
----------------
Copyright (C) 1991-2010 Altera Corporation
Your use of Altera Corporation's design tools, logic functions 
and other software and tools, and its AMPP partner logic 
functions, and any output files from any of the foregoing 
(including device programming or simulation files), and any 
associated documentation or information are expressly subject 
to the terms and conditions of the Altera Program License 
Subscription Agreement, Altera MegaCore Function License 
Agreement, or other applicable license agreement, including, 
without limitation, that your use is for the sole purpose of 
programming logic devices manufactured by Altera and sold by 
Altera or its authorized distributors.  Please refer to the 
applicable agreement for further details.



+-----------------------------------------------------------------------------------+
; Flow Summary                                                                      ;
+------------------------------------+----------------------------------------------+
; Flow Status                        ; Successful - Fri Oct 26 16:35:43 2018        ;
; Quartus II Version                 ; 9.1 Build 350 03/24/2010 SP 2 SJ Web Edition ;
; Revision Name                      ; urna                                         ;
; Top-level Entity Name              ; urna                                         ;
; Family                             ; Cyclone II                                   ;
; Device                             ; EP2C35F672C6                                 ;
; Timing Models                      ; Final                                        ;
; Met timing requirements            ; Yes                                          ;
; Total logic elements               ; 1,152 / 33,216 ( 3 % )                       ;
;     Total combinational functions  ; 1,143 / 33,216 ( 3 % )                       ;
;     Dedicated logic registers      ; 139 / 33,216 ( < 1 % )                       ;
; Total registers                    ; 139                                          ;
; Total pins                         ; 41 / 475 ( 9 % )                             ;
; Total virtual pins                 ; 0                                            ;
; Total memory bits                  ; 0 / 483,840 ( 0 % )                          ;
; Embedded Multiplier 9-bit elements ; 0 / 70 ( 0 % )                               ;
; Total PLLs                         ; 0 / 4 ( 0 % )                                ;
+------------------------------------+----------------------------------------------+


+-----------------------------------------+
; Flow Settings                           ;
+-------------------+---------------------+
; Option            ; Setting             ;
+-------------------+---------------------+
; Start date & time ; 10/26/2018 16:35:18 ;
; Main task         ; Compilation         ;
; Revision Name     ; urna                ;
+-------------------+---------------------+


+-----------------------------------------------------------------------------------------------------------------------------------------------------------------------------------------------------------+
; Flow Non-Default Global Settings                                                                                                                                                                          ;
+---------------------------------------+--------------------------------------------------------------------------------------------------------------------+---------------+-------------+----------------+
; Assignment Name                       ; Value                                                                                                              ; Default Value ; Entity Name ; Section Id     ;
+---------------------------------------+--------------------------------------------------------------------------------------------------------------------+---------------+-------------+----------------+
; COMPILER_SIGNATURE_ID                 ; 145361406741434.154058251801232                                                                                    ; --            ; --          ; --             ;
; EDA_GENERATE_FUNCTIONAL_NETLIST       ; On                                                                                                                 ; --            ; --          ; eda_simulation ;
; EDA_OUTPUT_DATA_FORMAT                ; Verilog Hdl                                                                                                        ; --            ; --          ; eda_simulation ;
; EDA_SIMULATION_TOOL                   ; ModelSim-Altera (Verilog)                                                                                          ; <None>        ; --          ; --             ;
; MAX_CORE_JUNCTION_TEMP                ; 85                                                                                                                 ; --            ; --          ; --             ;
; MIN_CORE_JUNCTION_TEMP                ; 0                                                                                                                  ; --            ; --          ; --             ;
; MISC_FILE                             ; C:/Users/aluno/Desktop/Urna/URNA-LCD-master/urna_Eletronica-master/urna_Eletronica-master/Urna_Eletronica/urna.dpf ; --            ; --          ; --             ;
; MISC_FILE                             ; F:/urna_Eletronica-master-20181026T100822Z-001/urna_Eletronica-master/Urna_Eletronica/urna.dpf                     ; --            ; --          ; --             ;
; PARTITION_COLOR                       ; 16764057                                                                                                           ; --            ; --          ; Top            ;
; PARTITION_FITTER_PRESERVATION_LEVEL   ; PLACEMENT_AND_ROUTING                                                                                              ; --            ; --          ; Top            ;
; PARTITION_NETLIST_TYPE                ; SOURCE                                                                                                             ; --            ; --          ; Top            ;
; PROJECT_OUTPUT_DIRECTORY              ; output_files                                                                                                       ; --            ; --          ; --             ;
; SYNCHRONIZATION_REGISTER_CHAIN_LENGTH ; 2                                                                                                                  ; 3             ; --          ; --             ;
+---------------------------------------+--------------------------------------------------------------------------------------------------------------------+---------------+-------------+----------------+


+-----------------------------------------------------------------------------------------------------------------------------+
; Flow Elapsed Time                                                                                                           ;
+-------------------------+--------------+-------------------------+---------------------+------------------------------------+
; Module Name             ; Elapsed Time ; Average Processors Used ; Peak Virtual Memory ; Total CPU Time (on all processors) ;
+-------------------------+--------------+-------------------------+---------------------+------------------------------------+
; Analysis & Synthesis    ; 00:00:08     ; 1.0                     ; 216 MB              ; 00:00:07                           ;
; Fitter                  ; 00:00:07     ; 1.0                     ; 268 MB              ; 00:00:07                           ;
; Assembler               ; 00:00:02     ; 1.0                     ; 251 MB              ; 00:00:02                           ;
; Classic Timing Analyzer ; 00:00:02     ; 1.0                     ; 162 MB              ; 00:00:00                           ;
; EDA Netlist Writer      ; 00:00:00     ; 1.0                     ; 173 MB              ; 00:00:01                           ;
; Total                   ; 00:00:19     ; --                      ; --                  ; 00:00:17                           ;
+-------------------------+--------------+-------------------------+---------------------+------------------------------------+


+------------------------------------------------------------------------------------------+
; Flow OS Summary                                                                          ;
+-------------------------+------------------+---------------+------------+----------------+
; Module Name             ; Machine Hostname ; OS Name       ; OS Version ; Processor type ;
+-------------------------+------------------+---------------+------------+----------------+
; Analysis & Synthesis    ; CI-HP            ; Windows Vista ; 6.1        ; x86_64         ;
; Fitter                  ; CI-HP            ; Windows Vista ; 6.1        ; x86_64         ;
; Assembler               ; CI-HP            ; Windows Vista ; 6.1        ; x86_64         ;
; Classic Timing Analyzer ; CI-HP            ; Windows Vista ; 6.1        ; x86_64         ;
; EDA Netlist Writer      ; CI-HP            ; Windows Vista ; 6.1        ; x86_64         ;
+-------------------------+------------------+---------------+------------+----------------+


------------
; Flow Log ;
------------
quartus_map --read_settings_files=on --write_settings_files=off urna -c urna
quartus_fit --read_settings_files=off --write_settings_files=off urna -c urna
quartus_asm --read_settings_files=off --write_settings_files=off urna -c urna
quartus_tan --read_settings_files=off --write_settings_files=off urna -c urna --timing_analysis_only
quartus_eda --read_settings_files=off --write_settings_files=off urna -c urna



